SF:lib\features\auth\domain\entity\auth_entity.dart
DA:11,1
DA:20,0
DA:21,0
LF:3
LH:1
end_of_record
SF:lib\app\shared_prefs\token_shared_prefs.dart
DA:8,0
DA:10,0
DA:12,0
DA:15,0
DA:19,0
DA:21,0
DA:22,0
DA:24,0
LF:8
LH:0
end_of_record
SF:lib\core\error\failure.dart
DA:6,0
DA:8,0
DA:9,0
DA:13,0
DA:18,0
DA:25,0
LF:6
LH:0
end_of_record
SF:lib\core\common\show_bottom_snack_bar.dart
DA:3,0
DA:9,0
DA:10,0
DA:12,0
LF:4
LH:0
end_of_record
SF:lib\features\auth\domain\use_case\login_use_case.dart
DA:12,0
DA:17,0
DA:21,0
DA:22,0
DA:29,0
DA:31,0
DA:34,0
DA:35,0
DA:36,0
DA:37,0
DA:38,0
DA:39,0
DA:40,0
DA:42,0
LF:14
LH:0
end_of_record
SF:lib\features\auth\domain\use_case\register_use_case.dart
DA:15,0
DA:23,0
DA:31,0
DA:32,0
DA:38,0
DA:40,0
DA:42,0
DA:43,0
DA:44,0
DA:45,0
DA:46,0
DA:47,0
DA:49,0
LF:13
LH:0
end_of_record
SF:lib\features\auth\domain\use_case\upload_image_usecase.dart
DA:11,0
DA:20,0
DA:22,0
DA:24,0
LF:4
LH:0
end_of_record
SF:lib\features\auth\presentation\view\login_view.dart
DA:8,0
DA:16,0
DA:18,0
DA:19,0
DA:21,0
DA:22,0
DA:26,0
DA:27,0
DA:29,0
DA:30,0
DA:31,0
DA:32,0
DA:33,0
DA:35,0
DA:36,0
DA:48,0
DA:49,0
DA:50,0
DA:55,0
DA:59,0
DA:61,0
DA:62,0
DA:65,0
DA:66,0
DA:83,0
DA:84,0
DA:85,0
DA:90,0
DA:92,0
DA:94,0
DA:95,0
DA:98,0
DA:99,0
DA:109,0
DA:110,0
DA:111,0
DA:116,0
DA:117,0
DA:119,0
DA:120,0
DA:124,0
DA:132,0
DA:134,0
DA:139,0
DA:144,0
DA:149,0
DA:156,0
DA:158,0
DA:163,0
DA:165,0
DA:167,0
DA:168,0
DA:170,0
LF:53
LH:0
end_of_record
SF:lib\features\auth\presentation\view\register_view.dart
DA:10,0
DA:12,0
DA:13,0
DA:30,0
DA:31,0
DA:32,0
DA:33,0
DA:39,0
DA:41,0
DA:43,0
DA:44,0
DA:46,0
DA:47,0
DA:54,0
DA:58,0
DA:60,0
DA:61,0
DA:63,0
DA:64,0
DA:68,0
DA:69,0
DA:71,0
DA:72,0
DA:73,0
DA:74,0
DA:75,0
DA:77,0
DA:82,0
DA:83,0
DA:84,0
DA:93,0
DA:95,0
DA:98,0
DA:99,0
DA:100,0
DA:101,0
DA:102,0
DA:103,0
DA:108,0
DA:109,0
DA:110,0
DA:111,0
DA:121,0
DA:124,0
DA:126,0
DA:127,0
DA:142,0
DA:143,0
DA:144,0
DA:149,0
DA:152,0
DA:154,0
DA:155,0
DA:157,0
DA:158,0
DA:173,0
DA:174,0
DA:175,0
DA:180,0
DA:183,0
DA:185,0
DA:186,0
DA:188,0
DA:189,0
DA:204,0
DA:205,0
DA:206,0
DA:211,0
DA:215,0
DA:217,0
DA:218,0
DA:221,0
DA:222,0
DA:238,0
DA:239,0
DA:240,0
DA:243,0
DA:245,0
DA:247,0
DA:248,0
DA:251,0
DA:252,0
DA:268,0
DA:269,0
DA:270,0
DA:273,0
DA:275,0
DA:277,0
DA:278,0
DA:281,0
DA:282,0
DA:284,0
DA:285,0
DA:294,0
DA:295,0
DA:296,0
DA:303,0
DA:304,0
DA:305,0
DA:306,0
DA:308,0
DA:309,0
DA:310,0
DA:311,0
DA:319,0
DA:321,0
DA:326,0
DA:331,0
DA:336,0
DA:343,0
DA:345,0
DA:350,0
DA:351,0
DA:352,0
LF:114
LH:0
end_of_record
SF:lib\features\auth\presentation\view_model\login\login_state.dart
DA:7,0
DA:12,0
DA:16,0
DA:20,0
DA:21,0
DA:22,0
LF:6
LH:0
end_of_record
SF:lib\features\auth\presentation\view_model\login\login_event.dart
DA:4,0
DA:6,0
DA:7,0
DA:14,0
DA:25,0
LF:5
LH:0
end_of_record
SF:lib\features\auth\presentation\view_model\login\login_bloc.dart
DA:16,0
DA:21,0
DA:22,0
DA:23,0
DA:24,0
DA:25,0
DA:26,0
DA:27,0
DA:28,0
DA:29,0
DA:36,0
DA:37,0
DA:38,0
DA:39,0
DA:40,0
DA:42,0
DA:43,0
DA:44,0
DA:45,0
DA:46,0
DA:50,0
DA:51,0
DA:52,0
DA:53,0
DA:54,0
LF:25
LH:0
end_of_record
SF:lib\features\auth\presentation\view_model\register\register_event.dart
DA:4,0
DA:6,0
DA:7,0
DA:13,0
DA:26,0
LF:5
LH:0
end_of_record
SF:lib\features\auth\presentation\view_model\register\register_state.dart
DA:8,0
DA:14,0
DA:19,0
DA:24,0
DA:25,0
DA:26,0
DA:27,0
LF:7
LH:0
end_of_record
SF:lib\features\auth\presentation\view_model\register\register_bloc.dart
DA:17,0
DA:22,0
DA:23,0
DA:24,0
DA:27,0
DA:28,0
DA:29,0
DA:30,0
DA:31,0
DA:32,0
DA:33,0
DA:34,0
DA:37,0
DA:38,0
DA:39,0
DA:40,0
DA:41,0
DA:43,0
DA:44,0
DA:45,0
DA:46,0
DA:47,0
DA:52,0
DA:53,0
DA:54,0
DA:55,0
DA:56,0
DA:60,0
DA:61,0
DA:62,0
DA:63,0
LF:31
LH:0
end_of_record
SF:lib\features\home\presentation\view\dashboard.dart
DA:7,4
DA:9,0
DA:10,0
DA:21,0
DA:22,0
DA:23,0
DA:27,0
DA:29,0
DA:30,0
DA:41,0
DA:43,0
DA:48,0
DA:49,0
DA:50,0
DA:52,0
DA:80,0
DA:81,0
LF:17
LH:1
end_of_record
SF:lib\features\library\presentation\view\library_page.dart
DA:4,2
DA:6,0
DA:7,0
DA:11,0
LF:4
LH:1
end_of_record
SF:lib\features\map\presentation\view\explore_page.dart
DA:4,2
DA:6,0
LF:2
LH:1
end_of_record
SF:lib\features\store\presentation\view\store_page.dart
DA:4,2
DA:6,0
LF:2
LH:1
end_of_record
SF:lib\features\on_boarding\presentation\view\on_boarding_screen.dart
DA:9,0
DA:13,0
DA:14,0
DA:15,0
DA:22,0
DA:23,0
DA:24,0
DA:31,0
DA:33,0
DA:34,0
DA:35,0
DA:36,0
DA:37,0
DA:38,0
DA:39,0
DA:44,0
DA:49,0
DA:57,0
DA:60,0
DA:61,0
DA:63,0
DA:64,0
DA:73,0
DA:76,0
DA:78,0
DA:81,0
DA:84,0
DA:86,0
DA:89,0
DA:93,0
DA:94,0
DA:95,0
DA:97,0
DA:98,0
DA:100,0
DA:104,0
DA:109,0
DA:110,0
DA:117,0
DA:121,0
DA:122,0
DA:123,0
DA:125,0
DA:126,0
DA:128,0
DA:132,0
DA:138,0
DA:139,0
DA:151,0
DA:155,0
DA:157,0
DA:158,0
DA:160,0
DA:165,0
DA:167,0
LF:55
LH:0
end_of_record
SF:lib\features\on_boarding\presentation\view_model\on_boarding_screen_event.dart
DA:4,0
DA:5,0
DA:6,0
DA:13,0
DA:23,0
DA:33,0
LF:6
LH:0
end_of_record
SF:lib\features\on_boarding\presentation\view_model\on_boarding_screen_bloc.dart
DA:15,0
DA:20,0
DA:21,0
DA:22,0
DA:23,0
DA:24,0
DA:25,0
DA:26,0
DA:27,0
DA:28,0
DA:34,0
DA:35,0
DA:36,0
DA:37,0
DA:38,0
DA:39,0
DA:40,0
DA:41,0
DA:49,0
DA:50,0
DA:51,0
DA:52,0
DA:53,0
DA:54,0
DA:55,0
LF:25
LH:0
end_of_record
SF:lib\features\on_boarding\presentation\view_model\on_boarding_screen_state.dart
DA:7,0
DA:12,0
DA:16,0
DA:20,0
DA:21,0
DA:22,0
LF:6
LH:0
end_of_record
